[debug] [2025-03-04T16:54:19.221Z] [Firebase Plugin] Activating Firebase extension.
[debug] [2025-03-04T16:54:21.793Z] [Firebase Plugin] VSCode notification server listening on port 40001
[info] [Firebase Plugin] Starting Data Connect toolkit (version 1.8.3) on port 50001
[debug] [2025-03-04T16:54:22.026Z] 'fdc build' failed with error: Unable to build your Data Connect schema and connectors (exit code 1): E0304 09:54:22.022969   33584 cmd.go:43] Error loading data connect config: could not find dataconnect.yaml in `c:\Users\Retrocade\Documents\Github\AIMe\dataconnect`
 {"metadata":{"emulator":{"name":"dataconnect"},"message":"'fdc build' failed with error: Unable to build your Data Connect schema and connectors (exit code 1): E0304 09:54:22.022969   33584 cmd.go:43] Error loading data connect config: could not find dataconnect.yaml in `c:\\Users\\Retrocade\\Documents\\Github\\AIMe\\dataconnect`\n"}}
[debug] [2025-03-04T16:54:22.027Z] Ignoring unsupported arg: auto_download {"metadata":{"emulator":{"name":"dataconnect"},"message":"Ignoring unsupported arg: auto_download"}}
[debug] [2025-03-04T16:54:22.027Z] Ignoring unsupported arg: port {"metadata":{"emulator":{"name":"dataconnect"},"message":"Ignoring unsupported arg: port"}}
[debug] [2025-03-04T16:54:22.027Z] Starting Data Connect Emulator with command {"binary":"C:\\Users\\Retrocade\\.cache\\firebase\\emulators\\dataconnect-emulator-1.8.3.exe","args":["--logtostderr","-v=2","dev","--listen=localhost:50001","--config_dir=c:\\Users\\Retrocade\\Documents\\Github\\AIMe\\dataconnect","--enable_output_schema_extensions=true","--enable_output_generated_sdk=true"],"optionalArgs":["listen","config_dir","enable_output_schema_extensions","enable_output_generated_sdk"],"joinArgs":true,"shell":false,"port":9399} {"metadata":{"emulator":{"name":"dataconnect"},"message":"Starting Data Connect Emulator with command {\"binary\":\"C:\\\\Users\\\\Retrocade\\\\.cache\\\\firebase\\\\emulators\\\\dataconnect-emulator-1.8.3.exe\",\"args\":[\"--logtostderr\",\"-v=2\",\"dev\",\"--listen=localhost:50001\",\"--config_dir=c:\\\\Users\\\\Retrocade\\\\Documents\\\\Github\\\\AIMe\\\\dataconnect\",\"--enable_output_schema_extensions=true\",\"--enable_output_generated_sdk=true\"],\"optionalArgs\":[\"listen\",\"config_dir\",\"enable_output_schema_extensions\",\"enable_output_generated_sdk\"],\"joinArgs\":true,\"shell\":false,\"port\":9399}"}}
[info] i  dataconnect: Data Connect Emulator logging to dataconnect-debug.log {"metadata":{"emulator":{"name":"dataconnect"},"message":"Data Connect Emulator logging to \u001b[1mdataconnect-debug.log\u001b[22m"}}
[debug] [2025-03-04T16:54:22.054Z] E0304 09:54:22.053313   32432 load.go:23] Could not load config from "c:\\Users\\Retrocade\\Documents\\Github\\AIMe\\dataconnect": could not find dataconnect.yaml in `c:\Users\Retrocade\Documents\Github\AIMe\dataconnect`
 {"metadata":{"emulator":{"name":"dataconnect"},"message":"E0304 09:54:22.053313   32432 load.go:23] Could not load config from \"c:\\\\Users\\\\Retrocade\\\\Documents\\\\Github\\\\AIMe\\\\dataconnect\": could not find dataconnect.yaml in `c:\\Users\\Retrocade\\Documents\\Github\\AIMe\\dataconnect`\n"}}
[debug] [2025-03-04T16:54:22.055Z] E0304 09:54:22.054354   32432 watch.go:76] watchAllDir unable to walk dir `c:\Users\Retrocade\Documents\Github\AIMe\dataconnect`: on path "c:\\Users\\Retrocade\\Documents\\Github\\AIMe\\dataconnect" (DirEntry: <nil>): CreateFile c:\Users\Retrocade\Documents\Github\AIMe\dataconnect: The system cannot find the file specified.
 {"metadata":{"emulator":{"name":"dataconnect"},"message":"E0304 09:54:22.054354   32432 watch.go:76] watchAllDir unable to walk dir `c:\\Users\\Retrocade\\Documents\\Github\\AIMe\\dataconnect`: on path \"c:\\\\Users\\\\Retrocade\\\\Documents\\\\Github\\\\AIMe\\\\dataconnect\" (DirEntry: <nil>): CreateFile c:\\Users\\Retrocade\\Documents\\Github\\AIMe\\dataconnect: The system cannot find the file specified.\n"}}
[debug] [2025-03-04T16:54:22.066Z] I0304 09:54:22.065966   32432 dev.go:95] Listening on address (HTTP + gRPC): 127.0.0.1:50001
 {"metadata":{"emulator":{"name":"dataconnect"},"message":"I0304 09:54:22.065966   32432 dev.go:95] Listening on address (HTTP + gRPC): 127.0.0.1:50001\n"}}
[error] [Firebase Plugin] error:  {}
[debug] [2025-03-04T16:54:32.064Z] E0304 09:54:32.063907   32432 load.go:23] Could not load config from "c:\\Users\\Retrocade\\Documents\\Github\\AIMe\\dataconnect": could not find dataconnect.yaml in `c:\Users\Retrocade\Documents\Github\AIMe\dataconnect`
 {"metadata":{"emulator":{"name":"dataconnect"},"message":"E0304 09:54:32.063907   32432 load.go:23] Could not load config from \"c:\\\\Users\\\\Retrocade\\\\Documents\\\\Github\\\\AIMe\\\\dataconnect\": could not find dataconnect.yaml in `c:\\Users\\Retrocade\\Documents\\Github\\AIMe\\dataconnect`\n"}}
[debug] [2025-03-04T16:54:42.063Z] E0304 09:54:42.062801   32432 load.go:23] Could not load config from "c:\\Users\\Retrocade\\Documents\\Github\\AIMe\\dataconnect": could not find dataconnect.yaml in `c:\Users\Retrocade\Documents\Github\AIMe\dataconnect`
 {"metadata":{"emulator":{"name":"dataconnect"},"message":"E0304 09:54:42.062801   32432 load.go:23] Could not load config from \"c:\\\\Users\\\\Retrocade\\\\Documents\\\\Github\\\\AIMe\\\\dataconnect\": could not find dataconnect.yaml in `c:\\Users\\Retrocade\\Documents\\Github\\AIMe\\dataconnect`\n"}}
[debug] [2025-03-04T16:54:52.059Z] E0304 09:54:52.059083   32432 load.go:23] Could not load config from "c:\\Users\\Retrocade\\Documents\\Github\\AIMe\\dataconnect": could not find dataconnect.yaml in `c:\Users\Retrocade\Documents\Github\AIMe\dataconnect`
 {"metadata":{"emulator":{"name":"dataconnect"},"message":"E0304 09:54:52.059083   32432 load.go:23] Could not load config from \"c:\\\\Users\\\\Retrocade\\\\Documents\\\\Github\\\\AIMe\\\\dataconnect\": could not find dataconnect.yaml in `c:\\Users\\Retrocade\\Documents\\Github\\AIMe\\dataconnect`\n"}}
[debug] [2025-03-04T16:55:02.063Z] E0304 09:55:02.062573   32432 load.go:23] Could not load config from "c:\\Users\\Retrocade\\Documents\\Github\\AIMe\\dataconnect": could not find dataconnect.yaml in `c:\Users\Retrocade\Documents\Github\AIMe\dataconnect`
 {"metadata":{"emulator":{"name":"dataconnect"},"message":"E0304 09:55:02.062573   32432 load.go:23] Could not load config from \"c:\\\\Users\\\\Retrocade\\\\Documents\\\\Github\\\\AIMe\\\\dataconnect\": could not find dataconnect.yaml in `c:\\Users\\Retrocade\\Documents\\Github\\AIMe\\dataconnect`\n"}}
[debug] [2025-03-04T16:55:12.063Z] E0304 09:55:12.062538   32432 load.go:23] Could not load config from "c:\\Users\\Retrocade\\Documents\\Github\\AIMe\\dataconnect": could not find dataconnect.yaml in `c:\Users\Retrocade\Documents\Github\AIMe\dataconnect`
 {"metadata":{"emulator":{"name":"dataconnect"},"message":"E0304 09:55:12.062538   32432 load.go:23] Could not load config from \"c:\\\\Users\\\\Retrocade\\\\Documents\\\\Github\\\\AIMe\\\\dataconnect\": could not find dataconnect.yaml in `c:\\Users\\Retrocade\\Documents\\Github\\AIMe\\dataconnect`\n"}}
[debug] [2025-03-04T16:55:22.056Z] E0304 09:55:22.056526   32432 load.go:23] Could not load config from "c:\\Users\\Retrocade\\Documents\\Github\\AIMe\\dataconnect": could not find dataconnect.yaml in `c:\Users\Retrocade\Documents\Github\AIMe\dataconnect`
 {"metadata":{"emulator":{"name":"dataconnect"},"message":"E0304 09:55:22.056526   32432 load.go:23] Could not load config from \"c:\\\\Users\\\\Retrocade\\\\Documents\\\\Github\\\\AIMe\\\\dataconnect\": could not find dataconnect.yaml in `c:\\Users\\Retrocade\\Documents\\Github\\AIMe\\dataconnect`\n"}}
[debug] [2025-03-04T16:55:32.063Z] E0304 09:55:32.063096   32432 load.go:23] Could not load config from "c:\\Users\\Retrocade\\Documents\\Github\\AIMe\\dataconnect": could not find dataconnect.yaml in `c:\Users\Retrocade\Documents\Github\AIMe\dataconnect`
 {"metadata":{"emulator":{"name":"dataconnect"},"message":"E0304 09:55:32.063096   32432 load.go:23] Could not load config from \"c:\\\\Users\\\\Retrocade\\\\Documents\\\\Github\\\\AIMe\\\\dataconnect\": could not find dataconnect.yaml in `c:\\Users\\Retrocade\\Documents\\Github\\AIMe\\dataconnect`\n"}}
